<?xml version="1.0" encoding="UTF-8"?>
<!-- Generated by org.testng.reporters.JUnitXMLReporter -->
<testsuite hostname="Batman" ignored="0" name="Default test" tests="3" failures="0" timestamp="2023-04-26T09:33:13 BST" time="4.757" errors="0">
  <testcase name="userShouldBeAbleToAddNewCategoryItem" time="0.778" classname="tests.AddCatagoryTest"/>
  <testcase name="userShouldBeAbleToSeeNameOfTheMonths" time="0.38" classname="tests.AddCatagoryTest"/>
  <testcase name="duplicateCatagoryInsertion" time="0.378" classname="tests.AddCatagoryTest"/>
</testsuite> <!-- Default test -->
